1609946485485	geckodriver	INFO	Listening on 127.0.0.1:34181
1609946485498	mozrunner::runner	INFO	Running command: "/usr/bin/firefox" "--marionette" "-foreground" "-no-remote" "-profile" "/tmp/rust_mozprofileiAYzWf"
console.warn: SearchSettings: "get: No settings file exists, new profile?" (new Error("", "(unknown module)"))
1609946499020	Marionette	INFO	Listening on port 36065
1609946499376	Marionette	WARN	TLS certificate errors will be ignored for this session
1609946541270	geckodriver	INFO	Listening on 127.0.0.1:42519
1609946541284	mozrunner::runner	INFO	Running command: "/usr/bin/firefox" "--marionette" "-foreground" "-no-remote" "-profile" "/tmp/rust_mozprofileMIoTJZ"
console.warn: SearchSettings: "get: No settings file exists, new profile?" (new Error("", "(unknown module)"))
Exiting due to channel error.
Exiting due to channel error.
[GFX1-]: Receive IPC close with reason=AbnormalShutdown
Exiting due to channel error.
1609946568889	Marionette	INFO	Stopped listening on port 36065
1609946588712	geckodriver	INFO	Listening on 127.0.0.1:38585
1609946588726	mozrunner::runner	INFO	Running command: "/usr/bin/firefox" "--marionette" "-foreground" "-no-remote" "-profile" "/tmp/rust_mozprofileDzO9pC"
console.warn: SearchSettings: "get: No settings file exists, new profile?" (new Error("", "(unknown module)"))
1609946600594	Marionette	INFO	Listening on port 36579
1609946600726	Marionette	WARN	TLS certificate errors will be ignored for this session
1609946677395	geckodriver	INFO	Listening on 127.0.0.1:57523
1609946677408	mozrunner::runner	INFO	Running command: "/usr/bin/firefox" "--marionette" "-foreground" "-no-remote" "-profile" "/tmp/rust_mozprofileBuVDcM"
console.warn: SearchSettings: "get: No settings file exists, new profile?" (new Error("", "(unknown module)"))
1609946692179	Marionette	INFO	Listening on port 39301
1609946692273	Marionette	WARN	TLS certificate errors will be ignored for this session
Exiting due to channel error.
[GFX1-]: Receive IPC close with reason=AbnormalShutdown
Exiting due to channel error.
Exiting due to channel error.
1609946698074	Marionette	INFO	Stopped listening on port 36579
1609946699279	geckodriver	INFO	Listening on 127.0.0.1:49385
1609946699292	mozrunner::runner	INFO	Running command: "/usr/bin/firefox" "--marionette" "-foreground" "-no-remote" "-profile" "/tmp/rust_mozprofile7y3RDy"
console.warn: SearchSettings: "get: No settings file exists, new profile?" (new Error("", "(unknown module)"))
1609946710776	Marionette	INFO	Listening on port 34569
1609946710925	Marionette	WARN	TLS certificate errors will be ignored for this session
1609946726008	Marionette	INFO	Stopped listening on port 34569
JavaScript error: resource://activity-stream/lib/ASRouter.jsm, line 987: NS_ERROR_ILLEGAL_VALUE: Component returned failure code: 0x80070057 (NS_ERROR_ILLEGAL_VALUE) [nsIObserverService.removeObserver]
console.error: services.settings: 
  main/whats-new-panel Signature failed  TypeError: NetworkError when attempting to fetch resource.
1609948361847	geckodriver	INFO	Listening on 127.0.0.1:47413
1609948361866	mozrunner::runner	INFO	Running command: "/usr/bin/firefox" "--marionette" "-foreground" "-no-remote" "-profile" "/tmp/rust_mozprofileo6tcAi"
console.warn: SearchSettings: "get: No settings file exists, new profile?" (new Error("", "(unknown module)"))
1609948376563	Marionette	INFO	Listening on port 38893
1609948376763	Marionette	WARN	TLS certificate errors will be ignored for this session
Exiting due to channel error.
Exiting due to channel error.
Exiting due to channel error.
1609948422073	geckodriver	INFO	Listening on 127.0.0.1:37843
1609948423085	mozrunner::runner	INFO	Running command: "/usr/bin/firefox" "--marionette" "-foreground" "-no-remote" "-profile" "/tmp/rust_mozprofile88xqNh"
console.warn: SearchSettings: "get: No settings file exists, new profile?" (new Error("", "(unknown module)"))
1609948437631	Marionette	INFO	Listening on port 44435
1609948437770	Marionette	WARN	TLS certificate errors will be ignored for this session
1609948757579	Marionette	INFO	Stopped listening on port 44435

###!!! [Parent][RunMessage] Error: Channel closing: too late to send/recv, messages will be lost

